2020-10-17 10:28:00 {"version":"2.2.0","to":"1","subject":"2","message":"3","result":true}
2020-10-17 10:30:40 {"version":"2.2.0","to":"1","subject":"2","message":"3","result":true}
2020-10-17 10:30:59 {"version":"2.2.0","to":"1","subject":"2","message":"3","result":true}
2020-10-17 10:40:07 {"version":"2.2.0","to":"1","subject":"2","message":"3","result":true}
2020-10-17 10:40:25 {"version":"2.2.0","to":"1","subject":"2","message":"3","result":true}
2020-10-17 10:41:03 {"version":"2.2.0","to":"1","subject":"2","message":"3","result":true}
2020-10-17 10:41:43 {"version":"2.2.0","to":"1","subject":"2","message":"3","result":true}
2020-10-17 10:42:58 {"version":"2.2.0","to":"1","subject":"2","message":"3","result":true}
2020-10-17 10:46:14 {"version":"2.2.0","to":"1","subject":"2","message":"3","result":true}
2020-10-17 10:46:19 {"version":"2.2.0","to":"1","subject":"2","message":"3","result":true}
2020-10-17 14:47:47 {"version":"2.2.0","to":"seniordelegates@localhost","subject":"subject","message":"put","result":true}
2020-10-17 14:47:47 {"version":"2.2.0","to":"support@localhost","subject":"subject","message":"put","result":true}
2020-10-17 14:47:47 {"version":"2.2.0","to":"1","subject":"2","message":"3","result":true}
2020-10-17 14:48:50 {"version":"2.2.0","to":"seniordelegates@localhost","subject":"subject","message":"put","result":true}
2020-10-17 14:48:50 {"version":"2.2.0","to":"support@localhost","subject":"subject","message":"put","result":true}
2020-10-17 14:48:50 {"version":"2.2.0","to":"1","subject":"2","message":"3","result":true}
2020-10-17 14:49:49 {"version":"2.2.0","to":"seniordelegates@localhost","subject":"subject","message":"put","result":true}
2020-10-17 14:49:49 {"version":"2.2.0","to":"support@localhost","subject":"subject","message":"put","result":true}
2020-10-17 14:49:49 {"version":"2.2.0","to":"1","subject":"2","message":"3","result":true}
2020-10-17 14:50:43 {"version":"2.2.0","to":"seniordelegates@localhost","subject":"subject","message":"put","result":true}
2020-10-17 14:50:43 {"version":"2.2.0","to":"support@localhost","subject":"subject","message":"put","result":true}
2020-10-17 14:57:06 {"version":"2.2.0","to":"seniordelegates@localhost","subject":"subject","message":"message","result":true}
2020-10-17 15:03:22 {"version":"2.2.0","to":"seniordelegates@localhost","subject":"subject","message":"message","result":true}
2020-10-17 15:03:24 {"version":"2.2.0","to":"seniordelegates@localhost","subject":"subject","message":"message","result":true}
2020-10-17 15:03:28 {"version":"2.2.0","to":"seniordelegates@localhost","subject":"subject","message":"message","result":true}
2020-10-17 15:03:28 {"version":"2.2.0","to":"seniordelegates@localhost","subject":"SEE: New event www","message":"<pre>Konstantin Solovev <br>Event <a href='\/\/localhost:8882\/speedcubingextraevents.org\/Event\/www'>www<\/a>","result":true}
2020-10-17 15:03:28 {"version":"2.2.0","to":"seniordelegates@localhost","subject":"subject","message":"message","result":true}
2020-10-17 15:38:05 {"version":"2.2.0","to":"seniordelegates@localhost","subject":"SEE: New event dddd","message":"<pre>Konstantin Solovev <br>Event <a href='\/\/localhost:8882\/speedcubingextraevents.org\/Event\/dddd'>dddd<\/a>","result":true}
